# JRE version: Java(TM) SE Runtime Environment (25.0.2+10) (build 25.0.2+10-LTS-69)
# Java VM: Java HotSpot(TM) 64-Bit Server VM (25.0.2+10-LTS-69, mixed mode, emulated-client, sharing, tiered, compressed oops, compressed class ptrs, g1 gc, windows-amd64)
GC Precious Log:
 CardTable entry size: 512
 Card Set container configuration: InlinePtr #cards 4 size 8 Array Of Cards #cards 16 size 48 Howl #buckets 8 coarsen threshold 3686 Howl Bitmap #cards 512 size 80 coarsen threshold 460 Card regions per heap region 1 cards per card region 4096
 CPUs: 4 total, 4 available
 Memory: 16259M
 Large Page Support: Disabled
 NUMA Support: Disabled
 Compressed Oops: Enabled (Zero based)
 Heap Region Size: 2M
 Heap Min Capacity: 8M
 Heap Initial Capacity: 256M
 Heap Max Capacity: 4066M
 Pre-touch: Disabled
 Parallel Workers: 4
 Concurrent Workers: 1
 Concurrent Refinement Workers: 4
 Periodic GC: Disabled
Heap:
 garbage-first heap   total reserved 4163584K, committed 81920K, used 54788K [0x0000000701e00000, 0x0000000800000000)
  region size 2048K, 18 young (36864K), 3 survivors (6144K)
GC Heap Usage History (7 events):
Event: 0.815 {heap Before GC invocations=0 (full 0):
 garbage-first heap   total reserved 4163584K, committed 264192K, used 27797K [0x0000000701e00000, 0x0000000800000000)
  region size 2048K, 14 young (28672K), 0 survivors (0K)
}
Event: 0.821 {heap After GC invocations=1 (full 0):
 garbage-first heap   total reserved 4163584K, committed 264192K, used 11509K [0x0000000701e00000, 0x0000000800000000)
  region size 2048K, 2 young (4096K), 2 survivors (4096K)
}
Event: 2.081 {heap Before GC invocations=1 (full 0):
 garbage-first heap   total reserved 4163584K, committed 264192K, used 87285K [0x0000000701e00000, 0x0000000800000000)
  region size 2048K, 41 young (83968K), 2 survivors (4096K)
}
Event: 2.092 {heap After GC invocations=2 (full 0):
 garbage-first heap   total reserved 4163584K, committed 264192K, used 20057K [0x0000000701e00000, 0x0000000800000000)
  region size 2048K, 7 young (14336K), 7 survivors (14336K)
}
Event: 2.557 {heap Before GC invocations=3 (full 0):
 garbage-first heap   total reserved 4163584K, committed 81920K, used 52825K [0x0000000701e00000, 0x0000000800000000)
  region size 2048K, 24 young (49152K), 7 survivors (14336K)
}
Event: 2.573 {heap After GC invocations=4 (full 0):
 garbage-first heap   total reserved 4163584K, committed 81920K, used 24068K [0x0000000701e00000, 0x0000000800000000)
  region size 2048K, 3 young (6144K), 3 survivors (6144K)
}
Event: 3.171 {heap Before GC invocations=4 (full 0):
 garbage-first heap   total reserved 4163584K, committed 81920K, used 54788K [0x0000000701e00000, 0x0000000800000000)
  region size 2048K, 18 young (36864K), 3 survivors (6144K)
}

